2022-08-04 15:27:54 INFO  BaseClass:29 - Brower Name :chrome
  2022-08-04 15:27:57 INFO  BaseClass:34 - Application URL :https://www.bookswagon.com/login
  2022-08-04 15:28:06 INFO  BaseClass:23 - LoginTest Method Runing...
  2022-08-04 15:28:11 INFO  BaseClass:29 - Brower Name :chrome
  2022-08-04 15:28:12 INFO  BaseClass:34 - Application URL :https://www.bookswagon.com/login
  2022-08-04 15:28:50 INFO  BaseClass:28 - request_a_bookTest Method Runing...
  2022-08-04 15:39:02 INFO  BaseClass:29 - Brower Name :chrome
  2022-08-04 15:39:06 INFO  BaseClass:34 - Application URL :https://www.bookswagon.com/login
  2022-08-04 15:39:15 INFO  BaseClass:23 - LoginTest Method Runing...
  2022-08-04 15:39:22 INFO  BaseClass:29 - Brower Name :chrome
  2022-08-04 15:39:24 INFO  BaseClass:34 - Application URL :https://www.bookswagon.com/login
  2022-08-04 15:39:34 INFO  BaseClass:28 - request_a_bookTest Method Runing...
  2022-08-04 15:41:21 INFO  BaseClass:29 - Brower Name :chrome
  2022-08-04 15:41:24 INFO  BaseClass:34 - Application URL :https://www.bookswagon.com/login
  2022-08-04 15:41:34 INFO  BaseClass:27 - Feature Author Method Runing...
  2022-08-04 15:41:44 INFO  BaseClass:29 - Brower Name :chrome
  2022-08-04 15:41:46 INFO  BaseClass:34 - Application URL :https://www.bookswagon.com/login
  2022-08-04 15:41:56 INFO  BaseClass:33 - Search by book name Method Runing...
  2022-08-04 15:42:02 INFO  BaseClass:29 - Brower Name :chrome
  2022-08-04 15:42:04 INFO  BaseClass:34 - Application URL :https://www.bookswagon.com/login
  2022-08-04 15:42:17 INFO  BaseClass:39 - Search by Author name Method Runing...
  2022-08-04 15:42:26 INFO  BaseClass:29 - Brower Name :chrome
  2022-08-04 15:42:27 INFO  BaseClass:34 - Application URL :https://www.bookswagon.com/login
  2022-08-04 15:42:37 INFO  BaseClass:45 - Search by Publisher Method Runing...
  2022-08-04 15:42:54 INFO  BaseClass:29 - Brower Name :chrome
  2022-08-04 15:42:56 INFO  BaseClass:34 - Application URL :https://www.bookswagon.com/login
  2022-08-04 15:43:05 INFO  BaseClass:50 - Wishlist Method Runing...
  2022-08-04 15:49:14 INFO  BaseClass:29 - Brower Name :chrome
  2022-08-04 15:49:16 INFO  BaseClass:34 - Application URL :https://www.bookswagon.com/login
  2022-08-04 15:49:25 INFO  BaseClass:23 - LoginTest Method Runing...
  2022-08-04 15:49:33 INFO  BaseClass:29 - Brower Name :chrome
  2022-08-04 15:49:34 INFO  BaseClass:34 - Application URL :https://www.bookswagon.com/login
  2022-08-04 15:49:45 INFO  BaseClass:28 - request_a_bookTest Method Runing...
  2022-08-04 15:52:40 INFO  BaseClass:29 - Brower Name :chrome
  2022-08-04 15:52:42 INFO  BaseClass:34 - Application URL :https://www.bookswagon.com/login
  2022-08-04 15:52:51 INFO  BaseClass:23 - LoginTest Method Runing...
  2022-08-04 15:52:58 INFO  BaseClass:29 - Brower Name :chrome
  2022-08-04 15:53:00 INFO  BaseClass:34 - Application URL :https://www.bookswagon.com/login
  2022-08-04 15:53:08 INFO  BaseClass:28 - request_a_bookTest Method Runing...
  2022-08-04 16:02:42 INFO  BaseClass:29 - Brower Name :chrome
  2022-08-04 16:02:44 INFO  BaseClass:34 - Application URL :https://www.bookswagon.com/login
  2022-08-04 16:02:53 INFO  BaseClass:27 - Feature Author Method Runing...
  2022-08-04 16:03:03 INFO  BaseClass:29 - Brower Name :chrome
  2022-08-04 16:03:05 INFO  BaseClass:34 - Application URL :https://www.bookswagon.com/login
  2022-08-04 16:03:16 INFO  BaseClass:33 - Search by book name Method Runing...
  2022-08-04 16:03:23 INFO  BaseClass:29 - Brower Name :chrome
  2022-08-04 16:03:25 INFO  BaseClass:34 - Application URL :https://www.bookswagon.com/login
  2022-08-04 16:03:35 INFO  BaseClass:39 - Search by Author name Method Runing...
  2022-08-04 16:03:43 INFO  BaseClass:29 - Brower Name :chrome
  2022-08-04 16:03:45 INFO  BaseClass:34 - Application URL :https://www.bookswagon.com/login
  2022-08-04 16:03:55 INFO  BaseClass:45 - Search by Publisher Method Runing...
  2022-08-04 16:04:03 INFO  BaseClass:29 - Brower Name :chrome
  2022-08-04 16:04:05 INFO  BaseClass:34 - Application URL :https://www.bookswagon.com/login
  2022-08-04 16:04:15 INFO  BaseClass:50 - Wishlist Method Runing...
  2022-08-04 16:09:14 INFO  BaseClass:29 - Brower Name :chrome
  2022-08-04 16:09:17 INFO  BaseClass:34 - Application URL :https://www.bookswagon.com/login
  2022-08-04 16:09:53 INFO  BaseClass:27 - Feature Author Method Runing...
  2022-08-04 16:10:08 INFO  BaseClass:29 - Brower Name :chrome
  2022-08-04 16:10:09 INFO  BaseClass:34 - Application URL :https://www.bookswagon.com/login
  2022-08-04 16:11:10 INFO  BaseClass:33 - Search by book name Method Runing...
  2022-08-04 16:11:17 INFO  BaseClass:29 - Brower Name :chrome
  2022-08-04 16:11:19 INFO  BaseClass:34 - Application URL :https://www.bookswagon.com/login
  2022-08-04 16:11:40 INFO  BaseClass:39 - Search by Author name Method Runing...
  2022-08-04 16:11:49 INFO  BaseClass:29 - Brower Name :chrome
  2022-08-04 16:11:51 INFO  BaseClass:34 - Application URL :https://www.bookswagon.com/login
  2022-08-04 16:12:00 INFO  BaseClass:45 - Search by Publisher Method Runing...
  2022-08-04 16:12:19 INFO  BaseClass:29 - Brower Name :chrome
  2022-08-04 16:12:20 INFO  BaseClass:34 - Application URL :https://www.bookswagon.com/login
  2022-08-04 16:12:29 INFO  BaseClass:50 - Wishlist Method Runing...
  2022-08-04 19:25:22 INFO  BaseClass:29 - Brower Name :chrome
  2022-08-04 19:25:25 INFO  BaseClass:34 - Application URL :https://www.bookswagon.com/login
  2022-08-04 19:25:34 INFO  BaseClass:23 - LoginTest Method Runing...
  2022-08-04 19:25:41 INFO  BaseClass:29 - Brower Name :chrome
  2022-08-04 19:25:43 INFO  BaseClass:34 - Application URL :https://www.bookswagon.com/login
  2022-08-04 19:25:53 INFO  BaseClass:28 - request_a_bookTest Method Runing...
  2022-08-04 19:26:42 INFO  BaseClass:29 - Brower Name :chrome
  2022-08-04 19:26:44 INFO  BaseClass:34 - Application URL :https://www.bookswagon.com/login
  2022-08-04 19:26:53 INFO  BaseClass:23 - LoginTest Method Runing...
  2022-08-04 19:26:58 INFO  BaseClass:29 - Brower Name :chrome
  2022-08-04 19:27:00 INFO  BaseClass:34 - Application URL :https://www.bookswagon.com/login
  2022-08-04 19:27:11 INFO  BaseClass:28 - request_a_bookTest Method Runing...
  2022-08-04 19:27:20 INFO  BaseClass:29 - Brower Name :chrome
  2022-08-04 19:27:22 INFO  BaseClass:34 - Application URL :https://www.bookswagon.com/login
  2022-08-04 19:27:32 INFO  BaseClass:27 - Feature Author Method Runing...
  2022-08-04 19:27:39 INFO  BaseClass:29 - Brower Name :chrome
  2022-08-04 19:27:41 INFO  BaseClass:34 - Application URL :https://www.bookswagon.com/login
  2022-08-04 19:27:52 INFO  BaseClass:33 - Search by book name Method Runing...
  2022-08-04 19:28:00 INFO  BaseClass:29 - Brower Name :chrome
  2022-08-04 19:28:02 INFO  BaseClass:34 - Application URL :https://www.bookswagon.com/login
  2022-08-04 19:28:11 INFO  BaseClass:39 - Search by Author name Method Runing...
  2022-08-04 19:28:19 INFO  BaseClass:29 - Brower Name :chrome
  2022-08-04 19:28:21 INFO  BaseClass:34 - Application URL :https://www.bookswagon.com/login
  2022-08-04 19:28:32 INFO  BaseClass:45 - Search by Publisher Method Runing...
  2022-08-04 19:28:51 INFO  BaseClass:29 - Brower Name :chrome
  2022-08-04 19:28:52 INFO  BaseClass:34 - Application URL :https://www.bookswagon.com/login
  2022-08-04 19:29:02 INFO  BaseClass:50 - Wishlist Method Runing...
  2022-08-05 09:41:00 INFO  BaseClass:29 - Brower Name :chrome
  2022-08-05 09:41:10 INFO  BaseClass:34 - Application URL :https://www.bookswagon.com/login
  2022-08-05 09:41:28 INFO  BaseClass:43 - Add new address Method Runing...
  2022-08-05 10:22:14 INFO  BaseClass:29 - Brower Name :chrome
  2022-08-05 10:22:18 INFO  BaseClass:34 - Application URL :https://www.bookswagon.com/login
  2022-08-05 10:23:18 INFO  BaseClass:41 - Add new address Method Runing...
  2022-08-05 10:33:21 INFO  BaseClass:29 - Brower Name :chrome
  2022-08-05 10:33:23 INFO  BaseClass:34 - Application URL :https://www.bookswagon.com/login
  2022-08-05 10:33:33 INFO  BaseClass:38 - Multiple user login Method Runing...
  2022-08-05 10:33:41 INFO  BaseClass:29 - Brower Name :chrome
  2022-08-05 10:33:42 INFO  BaseClass:34 - Application URL :https://www.bookswagon.com/login
  2022-08-05 10:33:52 INFO  BaseClass:38 - Multiple user login Method Runing...
  2022-08-05 11:41:46 INFO  BaseClass:29 - Brower Name :chrome
  2022-08-05 11:41:50 INFO  BaseClass:34 - Application URL :https://www.bookswagon.com/login
  2022-08-05 11:42:02 INFO  BaseClass:38 - user request the book Method Runing...
  2022-08-05 11:42:18 INFO  BaseClass:29 - Brower Name :chrome
  2022-08-05 11:42:19 INFO  BaseClass:34 - Application URL :https://www.bookswagon.com/login
  2022-08-05 11:42:34 INFO  BaseClass:38 - user request the book Method Runing...
  2022-08-05 11:44:38 INFO  BaseClass:29 - Brower Name :chrome
  2022-08-05 11:44:41 INFO  BaseClass:34 - Application URL :https://www.bookswagon.com/login
  2022-08-05 11:44:54 INFO  BaseClass:38 - user request the book Method Runing...
  2022-08-05 11:45:04 INFO  BaseClass:29 - Brower Name :chrome
  2022-08-05 11:45:06 INFO  BaseClass:34 - Application URL :https://www.bookswagon.com/login
  2022-08-05 11:45:16 INFO  BaseClass:38 - user request the book Method Runing...
  2022-08-06 08:34:15 INFO  BaseClass:29 - Brower Name :chrome
  2022-08-06 08:34:21 INFO  BaseClass:34 - Application URL :https://www.bookswagon.com/login
  2022-08-06 08:34:35 INFO  BaseClass:39 - user change the password Method Runing...
  2022-08-06 08:34:40 INFO  BaseClass:29 - Brower Name :chrome
  2022-08-06 08:34:42 INFO  BaseClass:34 - Application URL :https://www.bookswagon.com/login
  2022-08-06 08:34:59 INFO  BaseClass:39 - user change the password Method Runing...
  2022-08-06 08:46:30 INFO  BaseClass:29 - Brower Name :chrome
  2022-08-06 08:46:33 INFO  BaseClass:34 - Application URL :https://www.bookswagon.com/login
  2022-08-06 08:46:44 INFO  BaseClass:39 - user change the password Method Runing...
  2022-08-06 08:47:43 INFO  BaseClass:29 - Brower Name :chrome
  2022-08-06 08:47:46 INFO  BaseClass:34 - Application URL :https://www.bookswagon.com/login
  2022-08-06 08:48:00 INFO  BaseClass:39 - user change the password Method Runing...
  2022-08-06 20:40:56 INFO  BaseClass:41 - Brower Name :chrome
  2022-08-06 20:41:01 INFO  BaseClass:46 - Application URL :https://www.bookswagon.com/login
  2022-08-06 20:41:15 INFO  BaseClass:43 - Add new address Method Runing...
  2022-08-06 20:41:50 INFO  BaseClass:41 - Brower Name :chrome
  2022-08-06 20:41:51 INFO  BaseClass:46 - Application URL :https://www.bookswagon.com/login
  2022-08-06 20:42:02 INFO  BaseClass:40 - user change the password Method Runing...
  2022-08-06 20:42:19 INFO  BaseClass:41 - Brower Name :chrome
  2022-08-06 20:42:20 INFO  BaseClass:46 - Application URL :https://www.bookswagon.com/login
  2022-08-06 20:42:33 INFO  BaseClass:40 - Multiple user login Method Runing...
  2022-08-06 20:42:42 INFO  BaseClass:41 - Brower Name :chrome
  2022-08-06 20:42:43 INFO  BaseClass:46 - Application URL :https://www.bookswagon.com/login
  2022-08-06 20:42:53 INFO  BaseClass:40 - Multiple user login Method Runing...
  2022-08-06 20:42:59 INFO  BaseClass:41 - Brower Name :chrome
  2022-08-06 20:43:01 INFO  BaseClass:46 - Application URL :https://www.bookswagon.com/login
  2022-08-06 20:43:11 INFO  BaseClass:40 - Multiple user login Method Runing...
  2022-08-06 20:43:16 INFO  BaseClass:41 - Brower Name :chrome
  2022-08-06 20:43:18 INFO  BaseClass:46 - Application URL :https://www.bookswagon.com/login
  2022-08-06 20:43:27 INFO  BaseClass:29 - LoginTest Method Runing...
  2022-08-06 20:43:33 INFO  BaseClass:41 - Brower Name :chrome
  2022-08-06 20:43:34 INFO  BaseClass:46 - Application URL :https://www.bookswagon.com/login
  2022-08-06 20:43:44 INFO  BaseClass:38 - user request the book Method Runing...
  2022-08-06 20:43:55 INFO  BaseClass:41 - Brower Name :chrome
  2022-08-06 20:43:56 INFO  BaseClass:46 - Application URL :https://www.bookswagon.com/login
  2022-08-06 20:44:08 INFO  BaseClass:38 - user request the book Method Runing...
  2022-08-06 20:44:17 INFO  BaseClass:41 - Brower Name :chrome
  2022-08-06 20:44:18 INFO  BaseClass:46 - Application URL :https://www.bookswagon.com/login
  2022-08-06 20:44:31 INFO  BaseClass:25 - Feature Author Method Runing...
  2022-08-06 20:44:39 INFO  BaseClass:41 - Brower Name :chrome
  2022-08-06 20:44:40 INFO  BaseClass:46 - Application URL :https://www.bookswagon.com/login
  2022-08-06 20:44:52 INFO  BaseClass:31 - Search by book name Method Runing...
  2022-08-06 20:45:01 INFO  BaseClass:41 - Brower Name :chrome
  2022-08-06 20:45:02 INFO  BaseClass:46 - Application URL :https://www.bookswagon.com/login
  2022-08-06 20:45:12 INFO  BaseClass:37 - Search by Author name Method Runing...
  2022-08-06 20:45:21 INFO  BaseClass:41 - Brower Name :chrome
  2022-08-06 20:45:22 INFO  BaseClass:46 - Application URL :https://www.bookswagon.com/login
  2022-08-06 20:45:34 INFO  BaseClass:43 - Search by Publisher Method Runing...
  2022-08-06 20:45:41 INFO  BaseClass:41 - Brower Name :chrome
  2022-08-06 20:45:43 INFO  BaseClass:46 - Application URL :https://www.bookswagon.com/login
  2022-08-06 20:45:56 INFO  BaseClass:48 - Wishlist Method Runing...
  2022-08-06 20:54:27 INFO  BaseClass:40 - Brower Name :chrome
  2022-08-06 20:54:30 INFO  BaseClass:45 - Application URL :https://www.bookswagon.com/login
  2022-08-06 20:54:41 INFO  BaseClass:43 - Add new address Method Runing...
  2022-08-06 20:55:12 INFO  BaseClass:40 - Brower Name :chrome
  2022-08-06 20:55:13 INFO  BaseClass:45 - Application URL :https://www.bookswagon.com/login
  2022-08-06 20:55:24 INFO  BaseClass:40 - user change the password Method Runing...
  2022-08-06 20:55:41 INFO  BaseClass:40 - Brower Name :chrome
  2022-08-06 20:55:42 INFO  BaseClass:45 - Application URL :https://www.bookswagon.com/login
  2022-08-06 20:55:52 INFO  BaseClass:40 - Multiple user login Method Runing...
  2022-08-06 20:55:59 INFO  BaseClass:40 - Brower Name :chrome
  2022-08-06 20:56:00 INFO  BaseClass:45 - Application URL :https://www.bookswagon.com/login
  2022-08-06 20:56:10 INFO  BaseClass:40 - Multiple user login Method Runing...
  2022-08-06 20:56:18 INFO  BaseClass:40 - Brower Name :chrome
  2022-08-06 20:56:19 INFO  BaseClass:45 - Application URL :https://www.bookswagon.com/login
  2022-08-06 20:56:29 INFO  BaseClass:40 - Multiple user login Method Runing...
  2022-08-06 20:56:34 INFO  BaseClass:40 - Brower Name :chrome
  2022-08-06 20:56:36 INFO  BaseClass:45 - Application URL :https://www.bookswagon.com/login
  2022-08-06 20:56:46 INFO  BaseClass:29 - LoginTest Method Runing...
  2022-08-06 20:56:51 INFO  BaseClass:40 - Brower Name :chrome
  2022-08-06 20:56:53 INFO  BaseClass:45 - Application URL :https://www.bookswagon.com/login
  2022-08-06 20:57:04 INFO  BaseClass:38 - user request the book Method Runing...
  2022-08-06 20:57:13 INFO  BaseClass:40 - Brower Name :chrome
  2022-08-06 20:57:14 INFO  BaseClass:45 - Application URL :https://www.bookswagon.com/login
  2022-08-06 20:57:25 INFO  BaseClass:38 - user request the book Method Runing...
  2022-08-06 20:57:34 INFO  BaseClass:40 - Brower Name :chrome
  2022-08-06 20:57:36 INFO  BaseClass:45 - Application URL :https://www.bookswagon.com/login
  2022-08-06 20:57:47 INFO  BaseClass:25 - Feature Author Method Runing...
  2022-08-06 20:57:56 INFO  BaseClass:40 - Brower Name :chrome
  2022-08-06 20:57:57 INFO  BaseClass:45 - Application URL :https://www.bookswagon.com/login
  2022-08-06 20:58:08 INFO  BaseClass:31 - Search by book name Method Runing...
  2022-08-06 20:58:18 INFO  BaseClass:40 - Brower Name :chrome
  2022-08-06 20:58:19 INFO  BaseClass:45 - Application URL :https://www.bookswagon.com/login
  2022-08-06 20:58:38 INFO  BaseClass:37 - Search by Author name Method Runing...
  2022-08-06 20:58:45 INFO  BaseClass:40 - Brower Name :chrome
  2022-08-06 20:58:47 INFO  BaseClass:45 - Application URL :https://www.bookswagon.com/login
  2022-08-06 20:58:56 INFO  BaseClass:43 - Search by Publisher Method Runing...
  2022-08-06 20:59:05 INFO  BaseClass:40 - Brower Name :chrome
  2022-08-06 20:59:06 INFO  BaseClass:45 - Application URL :https://www.bookswagon.com/login
  2022-08-06 20:59:16 INFO  BaseClass:48 - Wishlist Method Runing...
  2022-08-06 21:16:07 INFO  BaseClass:40 - Brower Name :chrome
  2022-08-06 21:16:10 INFO  BaseClass:45 - Application URL :https://www.bookswagon.com/login
  2022-08-06 21:16:32 INFO  BaseClass:38 - user request the book Method Runing...
  2022-08-06 21:16:47 INFO  BaseClass:40 - Brower Name :chrome
  2022-08-06 21:16:48 INFO  BaseClass:45 - Application URL :https://www.bookswagon.com/login
  2022-08-06 21:16:57 INFO  BaseClass:38 - user request the book Method Runing...
  2022-08-06 21:18:05 INFO  BaseClass:40 - Brower Name :chrome
  2022-08-06 21:18:08 INFO  BaseClass:45 - Application URL :https://www.bookswagon.com/login
  2022-08-06 21:18:18 INFO  BaseClass:43 - Add new address Method Runing...
  2022-08-06 21:18:48 INFO  BaseClass:40 - Brower Name :chrome
  2022-08-06 21:18:49 INFO  BaseClass:45 - Application URL :https://www.bookswagon.com/login
  2022-08-06 21:18:58 INFO  BaseClass:40 - user change the password Method Runing...
  2022-08-06 21:19:16 INFO  BaseClass:40 - Brower Name :chrome
  2022-08-06 21:19:17 INFO  BaseClass:45 - Application URL :https://www.bookswagon.com/login
  2022-08-06 21:19:26 INFO  BaseClass:40 - Multiple user login Method Runing...
  2022-08-06 21:19:32 INFO  BaseClass:40 - Brower Name :chrome
  2022-08-06 21:19:34 INFO  BaseClass:45 - Application URL :https://www.bookswagon.com/login
  2022-08-06 21:19:43 INFO  BaseClass:40 - Multiple user login Method Runing...
  2022-08-06 21:19:49 INFO  BaseClass:40 - Brower Name :chrome
  2022-08-06 21:19:50 INFO  BaseClass:45 - Application URL :https://www.bookswagon.com/login
  2022-08-06 21:20:00 INFO  BaseClass:40 - Multiple user login Method Runing...
  2022-08-06 21:20:06 INFO  BaseClass:40 - Brower Name :chrome
  2022-08-06 21:20:08 INFO  BaseClass:45 - Application URL :https://www.bookswagon.com/login
  2022-08-06 21:20:17 INFO  BaseClass:29 - LoginTest Method Runing...
  2022-08-06 21:20:25 INFO  BaseClass:40 - Brower Name :chrome
  2022-08-06 21:20:27 INFO  BaseClass:45 - Application URL :https://www.bookswagon.com/login
  2022-08-06 21:20:36 INFO  BaseClass:38 - user request the book Method Runing...
  2022-08-06 21:20:46 INFO  BaseClass:40 - Brower Name :chrome
  2022-08-06 21:20:47 INFO  BaseClass:45 - Application URL :https://www.bookswagon.com/login
  2022-08-06 21:20:57 INFO  BaseClass:38 - user request the book Method Runing...
  2022-08-06 21:21:07 INFO  BaseClass:40 - Brower Name :chrome
  2022-08-06 21:21:08 INFO  BaseClass:45 - Application URL :https://www.bookswagon.com/login
  2022-08-06 21:21:17 INFO  BaseClass:25 - Feature Author Method Runing...
  2022-08-06 21:21:28 INFO  BaseClass:40 - Brower Name :chrome
  2022-08-06 21:21:29 INFO  BaseClass:45 - Application URL :https://www.bookswagon.com/login
  2022-08-06 21:21:39 INFO  BaseClass:31 - Search by book name Method Runing...
  2022-08-06 21:21:48 INFO  BaseClass:40 - Brower Name :chrome
  2022-08-06 21:21:49 INFO  BaseClass:45 - Application URL :https://www.bookswagon.com/login
  2022-08-06 21:22:00 INFO  BaseClass:37 - Search by Author name Method Runing...
  2022-08-06 21:22:08 INFO  BaseClass:40 - Brower Name :chrome
  2022-08-06 21:22:09 INFO  BaseClass:45 - Application URL :https://www.bookswagon.com/login
  2022-08-06 21:22:19 INFO  BaseClass:43 - Search by Publisher Method Runing...
  2022-08-06 21:22:27 INFO  BaseClass:40 - Brower Name :chrome
  2022-08-06 21:22:29 INFO  BaseClass:45 - Application URL :https://www.bookswagon.com/login
  2022-08-06 21:22:38 INFO  BaseClass:48 - Wishlist Method Runing...
  2022-08-06 21:45:34 INFO  BaseClass:40 - Brower Name :chrome
  2022-08-06 21:45:36 INFO  BaseClass:45 - Application URL :https://www.bookswagon.com/login
  2022-08-06 21:45:46 INFO  BaseClass:43 - Add new address Method Runing...
  2022-08-06 21:46:20 INFO  BaseClass:40 - Brower Name :chrome
  2022-08-06 21:46:21 INFO  BaseClass:45 - Application URL :https://www.bookswagon.com/login
  2022-08-06 21:46:33 INFO  BaseClass:40 - user change the password Method Runing...
  2022-08-06 21:46:41 INFO  BaseClass:40 - Brower Name :chrome
  2022-08-06 21:46:42 INFO  BaseClass:45 - Application URL :https://www.bookswagon.com/login
  2022-08-06 21:46:52 INFO  BaseClass:40 - Multiple user login Method Runing...
  2022-08-06 21:46:59 INFO  BaseClass:40 - Brower Name :chrome
  2022-08-06 21:47:01 INFO  BaseClass:45 - Application URL :https://www.bookswagon.com/login
  2022-08-06 21:47:13 INFO  BaseClass:40 - Multiple user login Method Runing...
  2022-08-06 21:47:19 INFO  BaseClass:40 - Brower Name :chrome
  2022-08-06 21:47:20 INFO  BaseClass:45 - Application URL :https://www.bookswagon.com/login
  2022-08-06 21:47:30 INFO  BaseClass:40 - Multiple user login Method Runing...
  2022-08-06 21:47:35 INFO  BaseClass:40 - Brower Name :chrome
  2022-08-06 21:47:37 INFO  BaseClass:45 - Application URL :https://www.bookswagon.com/login
  2022-08-06 21:47:47 INFO  BaseClass:29 - LoginTest Method Runing...
  2022-08-06 21:47:53 INFO  BaseClass:40 - Brower Name :chrome
  2022-08-06 21:47:54 INFO  BaseClass:45 - Application URL :https://www.bookswagon.com/login
  2022-08-06 21:48:04 INFO  BaseClass:38 - user request the book Method Runing...
  2022-08-06 21:48:14 INFO  BaseClass:40 - Brower Name :chrome
  2022-08-06 21:48:15 INFO  BaseClass:45 - Application URL :https://www.bookswagon.com/login
  2022-08-06 21:48:27 INFO  BaseClass:38 - user request the book Method Runing...
  2022-08-06 21:48:37 INFO  BaseClass:40 - Brower Name :chrome
  2022-08-06 21:48:39 INFO  BaseClass:45 - Application URL :https://www.bookswagon.com/login
  2022-08-06 21:48:50 INFO  BaseClass:25 - Feature Author Method Runing...
  2022-08-06 21:49:01 INFO  BaseClass:40 - Brower Name :chrome
  2022-08-06 21:49:02 INFO  BaseClass:45 - Application URL :https://www.bookswagon.com/login
  2022-08-06 21:49:13 INFO  BaseClass:31 - Search by book name Method Runing...
  2022-08-06 21:49:22 INFO  BaseClass:40 - Brower Name :chrome
  2022-08-06 21:49:23 INFO  BaseClass:45 - Application URL :https://www.bookswagon.com/login
  2022-08-06 21:49:34 INFO  BaseClass:37 - Search by Author name Method Runing...
  2022-08-06 21:49:44 INFO  BaseClass:40 - Brower Name :chrome
  2022-08-06 21:49:46 INFO  BaseClass:45 - Application URL :https://www.bookswagon.com/login
  2022-08-06 21:49:56 INFO  BaseClass:43 - Search by Publisher Method Runing...
  2022-08-06 21:50:04 INFO  BaseClass:40 - Brower Name :chrome
  2022-08-06 21:50:06 INFO  BaseClass:45 - Application URL :https://www.bookswagon.com/login
  2022-08-06 21:50:19 INFO  BaseClass:48 - Wishlist Method Runing...
  2022-08-07 09:42:16 INFO  BaseClass:40 - Brower Name :chrome
  2022-08-07 09:42:30 INFO  BaseClass:45 - Application URL :https://www.bookswagon.com/login
  2022-08-07 09:42:52 INFO  BaseClass:52 - Add new address Method Runing...
  2022-08-07 09:43:30 INFO  BaseClass:40 - Brower Name :chrome
  2022-08-07 09:43:32 INFO  BaseClass:45 - Application URL :https://www.bookswagon.com/login
  2022-08-07 09:43:46 INFO  BaseClass:50 - user change the password Method Runing...
  2022-08-07 09:43:59 INFO  BaseClass:40 - Brower Name :chrome
  2022-08-07 09:44:00 INFO  BaseClass:45 - Application URL :https://www.bookswagon.com/login
  2022-08-07 09:44:09 INFO  BaseClass:37 - LoginTest Method Runing...
  2022-08-07 09:44:24 INFO  BaseClass:40 - Brower Name :chrome
  2022-08-07 09:44:26 INFO  BaseClass:45 - Application URL :https://www.bookswagon.com/login
  2022-08-07 09:44:36 INFO  BaseClass:53 - Multiple user login Method Runing...
  2022-08-07 09:44:46 INFO  BaseClass:40 - Brower Name :chrome
  2022-08-07 09:44:47 INFO  BaseClass:45 - Application URL :https://www.bookswagon.com/login
  2022-08-07 09:45:01 INFO  BaseClass:53 - Multiple user login Method Runing...
  2022-08-07 09:45:07 INFO  BaseClass:40 - Brower Name :chrome
  2022-08-07 09:45:09 INFO  BaseClass:45 - Application URL :https://www.bookswagon.com/login
  2022-08-07 09:45:32 INFO  BaseClass:53 - Multiple user login Method Runing...
  2022-08-07 09:45:37 INFO  BaseClass:40 - Brower Name :chrome
  2022-08-07 09:45:39 INFO  BaseClass:45 - Application URL :https://www.bookswagon.com/login
  2022-08-07 09:45:50 INFO  BaseClass:48 - user request the book Method Runing...
  2022-08-07 09:46:10 INFO  BaseClass:40 - Brower Name :chrome
  2022-08-07 09:46:12 INFO  BaseClass:45 - Application URL :https://www.bookswagon.com/login
  2022-08-07 09:46:28 INFO  BaseClass:48 - user request the book Method Runing...
  2022-08-07 09:46:44 INFO  BaseClass:40 - Brower Name :chrome
  2022-08-07 09:46:46 INFO  BaseClass:45 - Application URL :https://www.bookswagon.com/login
  2022-08-07 09:47:02 INFO  BaseClass:37 - Feature Author Method Runing...
  2022-08-07 09:47:26 INFO  BaseClass:40 - Brower Name :chrome
  2022-08-07 09:47:27 INFO  BaseClass:45 - Application URL :https://www.bookswagon.com/login
  2022-08-07 09:47:38 INFO  BaseClass:47 - Search by book name Method Runing...
  2022-08-07 09:48:01 INFO  BaseClass:40 - Brower Name :chrome
  2022-08-07 09:48:02 INFO  BaseClass:45 - Application URL :https://www.bookswagon.com/login
  2022-08-07 09:48:19 INFO  BaseClass:57 - Search by Author name Method Runing...
  2022-08-07 09:49:00 INFO  BaseClass:40 - Brower Name :chrome
  2022-08-07 09:49:02 INFO  BaseClass:45 - Application URL :https://www.bookswagon.com/login
  2022-08-07 09:49:36 INFO  BaseClass:67 - Search by Publisher Method Runing...
  2022-08-07 09:50:19 INFO  BaseClass:40 - Brower Name :chrome
  2022-08-07 09:50:20 INFO  BaseClass:45 - Application URL :https://www.bookswagon.com/login
  2022-08-07 09:50:34 INFO  BaseClass:77 - Wishlist Method Runing...
  